<?xml version="1.0" encoding="UTF-8"?>
<testsuite xmlns:xsi="http://www.w3.org/2001/XMLSchema-instance" xsi:noNamespaceSchemaLocation="https://maven.apache.org/surefire/maven-surefire-plugin/xsd/surefire-test-report-3.0.xsd" version="3.0" name="br.com.legalizzr.reactivebasic.QuarkusReactBasicTest" time="18.228" tests="1" errors="0" skipped="0" failures="0">
  <properties>
    <property name="sun.desktop" value="windows"/>
    <property name="awt.toolkit" value="sun.awt.windows.WToolkit"/>
    <property name="java.specification.version" value="11"/>
    <property name="sun.cpu.isalist" value="amd64"/>
    <property name="test.url" value="http://localhost:8081"/>
    <property name="sun.jnu.encoding" value="Cp1252"/>
    <property name="java.class.path" value="C:\Projects\Quarkus\target\test-classes;C:\Projects\Quarkus\target\classes;C:\Users\wesley.pereira_south\.m2\repository\io\quarkus\quarkus-resteasy-reactive-jackson\2.7.4.Final\quarkus-resteasy-reactive-jackson-2.7.4.Final.jar;C:\Users\wesley.pereira_south\.m2\repository\io\quarkus\quarkus-resteasy-reactive-jackson-common\2.7.4.Final\quarkus-resteasy-reactive-jackson-common-2.7.4.Final.jar;C:\Users\wesley.pereira_south\.m2\repository\io\quarkus\resteasy\reactive\resteasy-reactive-jackson\2.7.4.Final\resteasy-reactive-jackson-2.7.4.Final.jar;C:\Users\wesley.pereira_south\.m2\repository\com\fasterxml\jackson\core\jackson-databind\2.13.1\jackson-databind-2.13.1.jar;C:\Users\wesley.pereira_south\.m2\repository\com\fasterxml\jackson\core\jackson-annotations\2.13.1\jackson-annotations-2.13.1.jar;C:\Users\wesley.pereira_south\.m2\repository\io\quarkus\quarkus-jackson\2.7.4.Final\quarkus-jackson-2.7.4.Final.jar;C:\Users\wesley.pereira_south\.m2\repository\com\fasterxml\jackson\datatype\jackson-datatype-jsr310\2.13.1\jackson-datatype-jsr310-2.13.1.jar;C:\Users\wesley.pereira_south\.m2\repository\com\fasterxml\jackson\datatype\jackson-datatype-jdk8\2.13.1\jackson-datatype-jdk8-2.13.1.jar;C:\Users\wesley.pereira_south\.m2\repository\com\fasterxml\jackson\module\jackson-module-parameter-names\2.13.1\jackson-module-parameter-names-2.13.1.jar;C:\Users\wesley.pereira_south\.m2\repository\io\quarkus\quarkus-hibernate-reactive-panache\2.7.4.Final\quarkus-hibernate-reactive-panache-2.7.4.Final.jar;C:\Users\wesley.pereira_south\.m2\repository\io\quarkus\quarkus-core\2.7.4.Final\quarkus-core-2.7.4.Final.jar;C:\Users\wesley.pereira_south\.m2\repository\jakarta\annotation\jakarta.annotation-api\1.3.5\jakarta.annotation-api-1.3.5.jar;C:\Users\wesley.pereira_south\.m2\repository\jakarta\enterprise\jakarta.enterprise.cdi-api\2.0.2\jakarta.enterprise.cdi-api-2.0.2.jar;C:\Users\wesley.pereira_south\.m2\repository\jakarta\el\jakarta.el-api\3.0.3\jakarta.el-api-3.0.3.jar;C:\Users\wesley.pereira_south\.m2\repository\jakarta\interceptor\jakarta.interceptor-api\1.2.5\jakarta.interceptor-api-1.2.5.jar;C:\Users\wesley.pereira_south\.m2\repository\jakarta\inject\jakarta.inject-api\1.0\jakarta.inject-api-1.0.jar;C:\Users\wesley.pereira_south\.m2\repository\io\quarkus\quarkus-ide-launcher\2.7.4.Final\quarkus-ide-launcher-2.7.4.Final.jar;C:\Users\wesley.pereira_south\.m2\repository\io\quarkus\quarkus-development-mode-spi\2.7.4.Final\quarkus-development-mode-spi-2.7.4.Final.jar;C:\Users\wesley.pereira_south\.m2\repository\io\smallrye\config\smallrye-config\2.9.1\smallrye-config-2.9.1.jar;C:\Users\wesley.pereira_south\.m2\repository\io\smallrye\config\smallrye-config-core\2.9.1\smallrye-config-core-2.9.1.jar;C:\Users\wesley.pereira_south\.m2\repository\org\eclipse\microprofile\config\microprofile-config-api\2.0.1\microprofile-config-api-2.0.1.jar;C:\Users\wesley.pereira_south\.m2\repository\io\smallrye\common\smallrye-common-expression\1.10.0\smallrye-common-expression-1.10.0.jar;C:\Users\wesley.pereira_south\.m2\repository\io\smallrye\common\smallrye-common-function\1.10.0\smallrye-common-function-1.10.0.jar;C:\Users\wesley.pereira_south\.m2\repository\io\smallrye\common\smallrye-common-classloader\1.10.0\smallrye-common-classloader-1.10.0.jar;C:\Users\wesley.pereira_south\.m2\repository\io\smallrye\config\smallrye-config-common\2.9.1\smallrye-config-common-2.9.1.jar;C:\Users\wesley.pereira_south\.m2\repository\org\jboss\logging\jboss-logging\3.4.3.Final\jboss-logging-3.4.3.Final.jar;C:\Users\wesley.pereira_south\.m2\repository\org\jboss\logmanager\jboss-logmanager-embedded\1.0.9\jboss-logmanager-embedded-1.0.9.jar;C:\Users\wesley.pereira_south\.m2\repository\org\jboss\logging\jboss-logging-annotations\2.2.1.Final\jboss-logging-annotations-2.2.1.Final.jar;C:\Users\wesley.pereira_south\.m2\repository\org\jboss\threads\jboss-threads\3.4.2.Final\jboss-threads-3.4.2.Final.jar;C:\Users\wesley.pereira_south\.m2\repository\org\slf4j\slf4j-api\1.7.33\slf4j-api-1.7.33.jar;C:\Users\wesley.pereira_south\.m2\repository\org\jboss\slf4j\slf4j-jboss-logmanager\1.1.0.Final\slf4j-jboss-logmanager-1.1.0.Final.jar;C:\Users\wesley.pereira_south\.m2\repository\org\graalvm\sdk\graal-sdk\21.3.1\graal-sdk-21.3.1.jar;C:\Users\wesley.pereira_south\.m2\repository\org\wildfly\common\wildfly-common\1.5.4.Final-format-001\wildfly-common-1.5.4.Final-format-001.jar;C:\Users\wesley.pereira_south\.m2\repository\io\quarkus\quarkus-bootstrap-runner\2.7.4.Final\quarkus-bootstrap-runner-2.7.4.Final.jar;C:\Users\wesley.pereira_south\.m2\repository\io\quarkus\quarkus-fs-util\0.0.9\quarkus-fs-util-0.0.9.jar;C:\Users\wesley.pereira_south\.m2\repository\io\quarkus\quarkus-hibernate-reactive\2.7.4.Final\quarkus-hibernate-reactive-2.7.4.Final.jar;C:\Users\wesley.pereira_south\.m2\repository\io\quarkus\quarkus-hibernate-orm\2.7.4.Final\quarkus-hibernate-orm-2.7.4.Final.jar;C:\Users\wesley.pereira_south\.m2\repository\org\hibernate\hibernate-core\5.6.5.Final\hibernate-core-5.6.5.Final.jar;C:\Users\wesley.pereira_south\.m2\repository\net\bytebuddy\byte-buddy\1.12.7\byte-buddy-1.12.7.jar;C:\Users\wesley.pereira_south\.m2\repository\antlr\antlr\2.7.7\antlr-2.7.7.jar;C:\Users\wesley.pereira_south\.m2\repository\com\fasterxml\classmate\1.5.1\classmate-1.5.1.jar;C:\Users\wesley.pereira_south\.m2\repository\org\hibernate\common\hibernate-commons-annotations\5.1.2.Final\hibernate-commons-annotations-5.1.2.Final.jar;C:\Users\wesley.pereira_south\.m2\repository\org\hibernate\hibernate-graalvm\5.6.5.Final\hibernate-graalvm-5.6.5.Final.jar;C:\Users\wesley.pereira_south\.m2\repository\org\glassfish\jaxb\jaxb-runtime\2.3.3-b02\jaxb-runtime-2.3.3-b02.jar;C:\Users\wesley.pereira_south\.m2\repository\org\glassfish\jaxb\txw2\2.3.3-b02\txw2-2.3.3-b02.jar;C:\Users\wesley.pereira_south\.m2\repository\com\sun\istack\istack-commons-runtime\3.0.10\istack-commons-runtime-3.0.10.jar;C:\Users\wesley.pereira_south\.m2\repository\com\sun\activation\jakarta.activation\1.2.1\jakarta.activation-1.2.1.jar;C:\Users\wesley.pereira_south\.m2\repository\org\jboss\spec\javax\xml\bind\jboss-jaxb-api_2.3_spec\2.0.0.Final\jboss-jaxb-api_2.3_spec-2.0.0.Final.jar;C:\Users\wesley.pereira_south\.m2\repository\jakarta\persistence\jakarta.persistence-api\2.2.3\jakarta.persistence-api-2.2.3.jar;C:\Users\wesley.pereira_south\.m2\repository\org\hibernate\quarkus-local-cache\0.1.0\quarkus-local-cache-0.1.0.jar;C:\Users\wesley.pereira_south\.m2\repository\com\github\ben-manes\caffeine\caffeine\2.9.3\caffeine-2.9.3.jar;C:\Users\wesley.pereira_south\.m2\repository\com\google\errorprone\error_prone_annotations\2.10.0\error_prone_annotations-2.10.0.jar;C:\Users\wesley.pereira_south\.m2\repository\io\quarkus\quarkus-caffeine\2.7.4.Final\quarkus-caffeine-2.7.4.Final.jar;C:\Users\wesley.pereira_south\.m2\repository\org\hibernate\reactive\hibernate-reactive-core\1.1.3.Final\hibernate-reactive-core-1.1.3.Final.jar;C:\Users\wesley.pereira_south\.m2\repository\io\quarkus\quarkus-mutiny\2.7.4.Final\quarkus-mutiny-2.7.4.Final.jar;C:\Users\wesley.pereira_south\.m2\repository\io\smallrye\reactive\mutiny\1.3.1\mutiny-1.3.1.jar;C:\Users\wesley.pereira_south\.m2\repository\org\reactivestreams\reactive-streams\1.0.3\reactive-streams-1.0.3.jar;C:\Users\wesley.pereira_south\.m2\repository\io\quarkus\quarkus-smallrye-context-propagation\2.7.4.Final\quarkus-smallrye-context-propagation-2.7.4.Final.jar;C:\Users\wesley.pereira_south\.m2\repository\io\smallrye\smallrye-context-propagation\1.2.2\smallrye-context-propagation-1.2.2.jar;C:\Users\wesley.pereira_south\.m2\repository\io\smallrye\smallrye-context-propagation-api\1.2.2\smallrye-context-propagation-api-1.2.2.jar;C:\Users\wesley.pereira_south\.m2\repository\io\smallrye\smallrye-context-propagation-storage\1.2.2\smallrye-context-propagation-storage-1.2.2.jar;C:\Users\wesley.pereira_south\.m2\repository\io\smallrye\reactive\mutiny-smallrye-context-propagation\1.3.1\mutiny-smallrye-context-propagation-1.3.1.jar;C:\Users\wesley.pereira_south\.m2\repository\io\quarkus\quarkus-hibernate-reactive-panache-common\2.7.4.Final\quarkus-hibernate-reactive-panache-common-2.7.4.Final.jar;C:\Users\wesley.pereira_south\.m2\repository\io\quarkus\quarkus-panache-common\2.7.4.Final\quarkus-panache-common-2.7.4.Final.jar;C:\Users\wesley.pereira_south\.m2\repository\io\quarkus\quarkus-panache-hibernate-common\2.7.4.Final\quarkus-panache-hibernate-common-2.7.4.Final.jar;C:\Users\wesley.pereira_south\.m2\repository\io\smallrye\common\smallrye-common-annotation\1.10.0\smallrye-common-annotation-1.10.0.jar;C:\Users\wesley.pereira_south\.m2\repository\io\quarkus\quarkus-reactive-pg-client\2.7.4.Final\quarkus-reactive-pg-client-2.7.4.Final.jar;C:\Users\wesley.pereira_south\.m2\repository\io\quarkus\quarkus-reactive-datasource\2.7.4.Final\quarkus-reactive-datasource-2.7.4.Final.jar;C:\Users\wesley.pereira_south\.m2\repository\io\quarkus\quarkus-datasource\2.7.4.Final\quarkus-datasource-2.7.4.Final.jar;C:\Users\wesley.pereira_south\.m2\repository\io\quarkus\quarkus-datasource-common\2.7.4.Final\quarkus-datasource-common-2.7.4.Final.jar;C:\Users\wesley.pereira_south\.m2\repository\io\vertx\vertx-sql-client\4.2.5\vertx-sql-client-4.2.5.jar;C:\Users\wesley.pereira_south\.m2\repository\io\quarkus\quarkus-vertx\2.7.4.Final\quarkus-vertx-2.7.4.Final.jar;C:\Users\wesley.pereira_south\.m2\repository\io\quarkus\quarkus-netty\2.7.4.Final\quarkus-netty-2.7.4.Final.jar;C:\Users\wesley.pereira_south\.m2\repository\io\netty\netty-codec\4.1.74.Final\netty-codec-4.1.74.Final.jar;C:\Users\wesley.pereira_south\.m2\repository\io\netty\netty-codec-http\4.1.74.Final\netty-codec-http-4.1.74.Final.jar;C:\Users\wesley.pereira_south\.m2\repository\io\netty\netty-codec-http2\4.1.74.Final\netty-codec-http2-4.1.74.Final.jar;C:\Users\wesley.pereira_south\.m2\repository\io\netty\netty-handler\4.1.74.Final\netty-handler-4.1.74.Final.jar;C:\Users\wesley.pereira_south\.m2\repository\io\netty\netty-tcnative-classes\2.0.48.Final\netty-tcnative-classes-2.0.48.Final.jar;C:\Users\wesley.pereira_south\.m2\repository\io\netty\netty-codec-haproxy\4.1.74.Final\netty-codec-haproxy-4.1.74.Final.jar;C:\Users\wesley.pereira_south\.m2\repository\io\netty\netty-buffer\4.1.74.Final\netty-buffer-4.1.74.Final.jar;C:\Users\wesley.pereira_south\.m2\repository\io\netty\netty-transport\4.1.74.Final\netty-transport-4.1.74.Final.jar;C:\Users\wesley.pereira_south\.m2\repository\io\smallrye\common\smallrye-common-vertx-context\1.10.0\smallrye-common-vertx-context-1.10.0.jar;C:\Users\wesley.pereira_south\.m2\repository\io\smallrye\common\smallrye-common-constraint\1.10.0\smallrye-common-constraint-1.10.0.jar;C:\Users\wesley.pereira_south\.m2\repository\io\smallrye\reactive\smallrye-mutiny-vertx-core\2.18.1\smallrye-mutiny-vertx-core-2.18.1.jar;C:\Users\wesley.pereira_south\.m2\repository\io\smallrye\reactive\smallrye-mutiny-vertx-runtime\2.18.1\smallrye-mutiny-vertx-runtime-2.18.1.jar;C:\Users\wesley.pereira_south\.m2\repository\io\smallrye\reactive\vertx-mutiny-generator\2.18.1\vertx-mutiny-generator-2.18.1.jar;C:\Users\wesley.pereira_south\.m2\repository\io\vertx\vertx-codegen\4.2.5\vertx-codegen-4.2.5.jar;C:\Users\wesley.pereira_south\.m2\repository\io\smallrye\smallrye-fault-tolerance-vertx\5.2.1\smallrye-fault-tolerance-vertx-5.2.1.jar;C:\Users\wesley.pereira_south\.m2\repository\io\vertx\vertx-pg-client\4.2.5\vertx-pg-client-4.2.5.jar;C:\Users\wesley.pereira_south\.m2\repository\io\vertx\vertx-core\4.2.5\vertx-core-4.2.5.jar;C:\Users\wesley.pereira_south\.m2\repository\io\netty\netty-common\4.1.74.Final\netty-common-4.1.74.Final.jar;C:\Users\wesley.pereira_south\.m2\repository\io\netty\netty-handler-proxy\4.1.74.Final\netty-handler-proxy-4.1.74.Final.jar;C:\Users\wesley.pereira_south\.m2\repository\io\netty\netty-codec-socks\4.1.74.Final\netty-codec-socks-4.1.74.Final.jar;C:\Users\wesley.pereira_south\.m2\repository\io\netty\netty-resolver\4.1.74.Final\netty-resolver-4.1.74.Final.jar;C:\Users\wesley.pereira_south\.m2\repository\io\netty\netty-resolver-dns\4.1.74.Final\netty-resolver-dns-4.1.74.Final.jar;C:\Users\wesley.pereira_south\.m2\repository\io\netty\netty-codec-dns\4.1.74.Final\netty-codec-dns-4.1.74.Final.jar;C:\Users\wesley.pereira_south\.m2\repository\com\fasterxml\jackson\core\jackson-core\2.13.1\jackson-core-2.13.1.jar;C:\Users\wesley.pereira_south\.m2\repository\com\ongres\scram\client\2.1\client-2.1.jar;C:\Users\wesley.pereira_south\.m2\repository\com\ongres\scram\common\2.1\common-2.1.jar;C:\Users\wesley.pereira_south\.m2\repository\com\ongres\stringprep\saslprep\1.1\saslprep-1.1.jar;C:\Users\wesley.pereira_south\.m2\repository\com\ongres\stringprep\stringprep\1.1\stringprep-1.1.jar;C:\Users\wesley.pereira_south\.m2\repository\io\smallrye\reactive\smallrye-mutiny-vertx-pg-client\2.18.1\smallrye-mutiny-vertx-pg-client-2.18.1.jar;C:\Users\wesley.pereira_south\.m2\repository\io\smallrye\reactive\smallrye-mutiny-vertx-sql-client\2.18.1\smallrye-mutiny-vertx-sql-client-2.18.1.jar;C:\Users\wesley.pereira_south\.m2\repository\io\quarkus\quarkus-credentials\2.7.4.Final\quarkus-credentials-2.7.4.Final.jar;C:\Users\wesley.pereira_south\.m2\repository\io\quarkus\quarkus-arc\2.7.4.Final\quarkus-arc-2.7.4.Final.jar;C:\Users\wesley.pereira_south\.m2\repository\io\quarkus\arc\arc\2.7.4.Final\arc-2.7.4.Final.jar;C:\Users\wesley.pereira_south\.m2\repository\jakarta\transaction\jakarta.transaction-api\1.3.3\jakarta.transaction-api-1.3.3.jar;C:\Users\wesley.pereira_south\.m2\repository\org\eclipse\microprofile\context-propagation\microprofile-context-propagation-api\1.2\microprofile-context-propagation-api-1.2.jar;C:\Users\wesley.pereira_south\.m2\repository\io\quarkus\quarkus-resteasy-reactive\2.7.4.Final\quarkus-resteasy-reactive-2.7.4.Final.jar;C:\Users\wesley.pereira_south\.m2\repository\org\jboss\spec\javax\ws\rs\jboss-jaxrs-api_2.1_spec\2.0.1.Final\jboss-jaxrs-api_2.1_spec-2.0.1.Final.jar;C:\Users\wesley.pereira_south\.m2\repository\io\quarkus\quarkus-resteasy-reactive-common\2.7.4.Final\quarkus-resteasy-reactive-common-2.7.4.Final.jar;C:\Users\wesley.pereira_south\.m2\repository\io\quarkus\resteasy\reactive\resteasy-reactive-common\2.7.4.Final\resteasy-reactive-common-2.7.4.Final.jar;C:\Users\wesley.pereira_south\.m2\repository\io\quarkus\resteasy\reactive\resteasy-reactive-vertx\2.7.4.Final\resteasy-reactive-vertx-2.7.4.Final.jar;C:\Users\wesley.pereira_south\.m2\repository\io\vertx\vertx-web\4.2.5\vertx-web-4.2.5.jar;C:\Users\wesley.pereira_south\.m2\repository\io\vertx\vertx-web-common\4.2.5\vertx-web-common-4.2.5.jar;C:\Users\wesley.pereira_south\.m2\repository\io\vertx\vertx-auth-common\4.2.5\vertx-auth-common-4.2.5.jar;C:\Users\wesley.pereira_south\.m2\repository\io\vertx\vertx-bridge-common\4.2.5\vertx-bridge-common-4.2.5.jar;C:\Users\wesley.pereira_south\.m2\repository\io\quarkus\resteasy\reactive\resteasy-reactive\2.7.4.Final\resteasy-reactive-2.7.4.Final.jar;C:\Users\wesley.pereira_south\.m2\repository\org\jboss\logging\commons-logging-jboss-logging\1.0.0.Final\commons-logging-jboss-logging-1.0.0.Final.jar;C:\Users\wesley.pereira_south\.m2\repository\io\quarkus\quarkus-vertx-http\2.7.4.Final\quarkus-vertx-http-2.7.4.Final.jar;C:\Users\wesley.pereira_south\.m2\repository\io\quarkus\quarkus-security-runtime-spi\2.7.4.Final\quarkus-security-runtime-spi-2.7.4.Final.jar;C:\Users\wesley.pereira_south\.m2\repository\io\quarkus\quarkus-vertx-http-dev-console-runtime-spi\2.7.4.Final\quarkus-vertx-http-dev-console-runtime-spi-2.7.4.Final.jar;C:\Users\wesley.pereira_south\.m2\repository\io\quarkus\security\quarkus-security\1.1.4.Final\quarkus-security-1.1.4.Final.jar;C:\Users\wesley.pereira_south\.m2\repository\io\smallrye\reactive\smallrye-mutiny-vertx-web\2.18.1\smallrye-mutiny-vertx-web-2.18.1.jar;C:\Users\wesley.pereira_south\.m2\repository\io\smallrye\reactive\smallrye-mutiny-vertx-web-common\2.18.1\smallrye-mutiny-vertx-web-common-2.18.1.jar;C:\Users\wesley.pereira_south\.m2\repository\io\smallrye\reactive\smallrye-mutiny-vertx-auth-common\2.18.1\smallrye-mutiny-vertx-auth-common-2.18.1.jar;C:\Users\wesley.pereira_south\.m2\repository\io\smallrye\reactive\smallrye-mutiny-vertx-bridge-common\2.18.1\smallrye-mutiny-vertx-bridge-common-2.18.1.jar;C:\Users\wesley.pereira_south\.m2\repository\io\quarkus\quarkus-jsonp\2.7.4.Final\quarkus-jsonp-2.7.4.Final.jar;C:\Users\wesley.pereira_south\.m2\repository\org\glassfish\jakarta.json\1.1.6\jakarta.json-1.1.6.jar;C:\Users\wesley.pereira_south\.m2\repository\io\quarkus\quarkus-junit5\2.7.4.Final\quarkus-junit5-2.7.4.Final.jar;C:\Users\wesley.pereira_south\.m2\repository\io\quarkus\quarkus-bootstrap-core\2.7.4.Final\quarkus-bootstrap-core-2.7.4.Final.jar;C:\Users\wesley.pereira_south\.m2\repository\io\quarkus\quarkus-bootstrap-app-model\2.7.4.Final\quarkus-bootstrap-app-model-2.7.4.Final.jar;C:\Users\wesley.pereira_south\.m2\repository\io\quarkus\quarkus-bootstrap-maven-resolver\2.7.4.Final\quarkus-bootstrap-maven-resolver-2.7.4.Final.jar;C:\Users\wesley.pereira_south\.m2\repository\org\apache\maven\maven-embedder\3.8.4\maven-embedder-3.8.4.jar;C:\Users\wesley.pereira_south\.m2\repository\org\apache\maven\maven-settings\3.8.4\maven-settings-3.8.4.jar;C:\Users\wesley.pereira_south\.m2\repository\org\apache\maven\maven-core\3.8.4\maven-core-3.8.4.jar;C:\Users\wesley.pereira_south\.m2\repository\org\apache\maven\maven-artifact\3.8.4\maven-artifact-3.8.4.jar;C:\Users\wesley.pereira_south\.m2\repository\org\codehaus\plexus\plexus-component-annotations\2.1.0\plexus-component-annotations-2.1.0.jar;C:\Users\wesley.pereira_south\.m2\repository\org\apache\maven\maven-plugin-api\3.8.4\maven-plugin-api-3.8.4.jar;C:\Users\wesley.pereira_south\.m2\repository\org\apache\maven\maven-model\3.8.4\maven-model-3.8.4.jar;C:\Users\wesley.pereira_south\.m2\repository\org\apache\maven\maven-model-builder\3.8.4\maven-model-builder-3.8.4.jar;C:\Users\wesley.pereira_south\.m2\repository\org\apache\maven\maven-builder-support\3.8.4\maven-builder-support-3.8.4.jar;C:\Users\wesley.pereira_south\.m2\repository\org\apache\maven\resolver\maven-resolver-api\1.6.3\maven-resolver-api-1.6.3.jar;C:\Users\wesley.pereira_south\.m2\repository\org\apache\maven\resolver\maven-resolver-util\1.6.3\maven-resolver-util-1.6.3.jar;C:\Users\wesley.pereira_south\.m2\repository\org\apache\maven\shared\maven-shared-utils\3.3.4\maven-shared-utils-3.3.4.jar;C:\Users\wesley.pereira_south\.m2\repository\commons-io\commons-io\2.11.0\commons-io-2.11.0.jar;C:\Users\wesley.pereira_south\.m2\repository\com\google\inject\guice\4.2.2\guice-4.2.2-no_aop.jar;C:\Users\wesley.pereira_south\.m2\repository\com\google\guava\guava\30.1.1-jre\guava-30.1.1-jre.jar;C:\Users\wesley.pereira_south\.m2\repository\com\google\guava\failureaccess\1.0.1\failureaccess-1.0.1.jar;C:\Users\wesley.pereira_south\.m2\repository\org\codehaus\plexus\plexus-classworlds\2.6.0\plexus-classworlds-2.6.0.jar;C:\Users\wesley.pereira_south\.m2\repository\org\codehaus\plexus\plexus-sec-dispatcher\2.0\plexus-sec-dispatcher-2.0.jar;C:\Users\wesley.pereira_south\.m2\repository\org\codehaus\plexus\plexus-cipher\2.0\plexus-cipher-2.0.jar;C:\Users\wesley.pereira_south\.m2\repository\commons-cli\commons-cli\1.4\commons-cli-1.4.jar;C:\Users\wesley.pereira_south\.m2\repository\org\eclipse\sisu\org.eclipse.sisu.plexus\0.3.5\org.eclipse.sisu.plexus-0.3.5.jar;C:\Users\wesley.pereira_south\.m2\repository\org\apache\maven\maven-settings-builder\3.8.4\maven-settings-builder-3.8.4.jar;C:\Users\wesley.pereira_south\.m2\repository\org\codehaus\plexus\plexus-interpolation\1.26\plexus-interpolation-1.26.jar;C:\Users\wesley.pereira_south\.m2\repository\org\apache\maven\maven-resolver-provider\3.8.4\maven-resolver-provider-3.8.4.jar;C:\Users\wesley.pereira_south\.m2\repository\org\apache\maven\maven-repository-metadata\3.8.4\maven-repository-metadata-3.8.4.jar;C:\Users\wesley.pereira_south\.m2\repository\org\apache\maven\resolver\maven-resolver-spi\1.6.3\maven-resolver-spi-1.6.3.jar;C:\Users\wesley.pereira_south\.m2\repository\org\apache\maven\resolver\maven-resolver-impl\1.6.3\maven-resolver-impl-1.6.3.jar;C:\Users\wesley.pereira_south\.m2\repository\org\codehaus\plexus\plexus-utils\3.3.0\plexus-utils-3.3.0.jar;C:\Users\wesley.pereira_south\.m2\repository\org\apache\maven\resolver\maven-resolver-connector-basic\1.6.3\maven-resolver-connector-basic-1.6.3.jar;C:\Users\wesley.pereira_south\.m2\repository\org\apache\maven\resolver\maven-resolver-transport-wagon\1.6.3\maven-resolver-transport-wagon-1.6.3.jar;C:\Users\wesley.pereira_south\.m2\repository\org\apache\maven\wagon\wagon-http\3.4.3\wagon-http-3.4.3.jar;C:\Users\wesley.pereira_south\.m2\repository\org\apache\maven\wagon\wagon-http-shared\3.4.3\wagon-http-shared-3.4.3.jar;C:\Users\wesley.pereira_south\.m2\repository\org\jsoup\jsoup\1.14.2\jsoup-1.14.2.jar;C:\Users\wesley.pereira_south\.m2\repository\org\apache\maven\wagon\wagon-provider-api\3.4.3\wagon-provider-api-3.4.3.jar;C:\Users\wesley.pereira_south\.m2\repository\org\apache\maven\wagon\wagon-file\3.4.3\wagon-file-3.4.3.jar;C:\Users\wesley.pereira_south\.m2\repository\io\quarkus\quarkus-bootstrap-gradle-resolver\2.7.4.Final\quarkus-bootstrap-gradle-resolver-2.7.4.Final.jar;C:\Users\wesley.pereira_south\.m2\repository\io\smallrye\common\smallrye-common-io\1.10.0\smallrye-common-io-1.10.0.jar;C:\Users\wesley.pereira_south\.m2\repository\org\eclipse\sisu\org.eclipse.sisu.inject\0.3.5\org.eclipse.sisu.inject-0.3.5.jar;C:\Users\wesley.pereira_south\.m2\repository\io\quarkus\quarkus-test-common\2.7.4.Final\quarkus-test-common-2.7.4.Final.jar;C:\Users\wesley.pereira_south\.m2\repository\io\quarkus\quarkus-core-deployment\2.7.4.Final\quarkus-core-deployment-2.7.4.Final.jar;C:\Users\wesley.pereira_south\.m2\repository\org\aesh\readline\2.2\readline-2.2.jar;C:\Users\wesley.pereira_south\.m2\repository\org\fusesource\jansi\jansi\1.18\jansi-1.18.jar;C:\Users\wesley.pereira_south\.m2\repository\org\aesh\aesh\2.6\aesh-2.6.jar;C:\Users\wesley.pereira_south\.m2\repository\io\quarkus\gizmo\gizmo\1.0.10.Final\gizmo-1.0.10.Final.jar;C:\Users\wesley.pereira_south\.m2\repository\org\ow2\asm\asm-util\9.2\asm-util-9.2.jar;C:\Users\wesley.pereira_south\.m2\repository\org\ow2\asm\asm\9.2\asm-9.2.jar;C:\Users\wesley.pereira_south\.m2\repository\org\ow2\asm\asm-commons\9.2\asm-commons-9.2.jar;C:\Users\wesley.pereira_south\.m2\repository\org\ow2\asm\asm-tree\9.2\asm-tree-9.2.jar;C:\Users\wesley.pereira_south\.m2\repository\org\ow2\asm\asm-analysis\9.2\asm-analysis-9.2.jar;C:\Users\wesley.pereira_south\.m2\repository\io\quarkus\quarkus-class-change-agent\2.7.4.Final\quarkus-class-change-agent-2.7.4.Final.jar;C:\Users\wesley.pereira_south\.m2\repository\io\quarkus\quarkus-devtools-utilities\2.7.4.Final\quarkus-devtools-utilities-2.7.4.Final.jar;C:\Users\wesley.pereira_south\.m2\repository\io\quarkus\quarkus-builder\2.7.4.Final\quarkus-builder-2.7.4.Final.jar;C:\Users\wesley.pereira_south\.m2\repository\org\junit\platform\junit-platform-launcher\1.8.2\junit-platform-launcher-1.8.2.jar;C:\Users\wesley.pereira_south\.m2\repository\io\quarkus\quarkus-jsonp-deployment\2.7.4.Final\quarkus-jsonp-deployment-2.7.4.Final.jar;C:\Users\wesley.pereira_south\.m2\repository\org\jboss\jandex\2.4.2.Final\jandex-2.4.2.Final.jar;C:\Users\wesley.pereira_south\.m2\repository\io\quarkus\quarkus-junit5-properties\2.7.4.Final\quarkus-junit5-properties-2.7.4.Final.jar;C:\Users\wesley.pereira_south\.m2\repository\org\junit\jupiter\junit-jupiter\5.8.2\junit-jupiter-5.8.2.jar;C:\Users\wesley.pereira_south\.m2\repository\org\junit\jupiter\junit-jupiter-api\5.8.2\junit-jupiter-api-5.8.2.jar;C:\Users\wesley.pereira_south\.m2\repository\org\opentest4j\opentest4j\1.2.0\opentest4j-1.2.0.jar;C:\Users\wesley.pereira_south\.m2\repository\org\junit\platform\junit-platform-commons\1.8.2\junit-platform-commons-1.8.2.jar;C:\Users\wesley.pereira_south\.m2\repository\org\apiguardian\apiguardian-api\1.1.2\apiguardian-api-1.1.2.jar;C:\Users\wesley.pereira_south\.m2\repository\org\junit\jupiter\junit-jupiter-params\5.8.2\junit-jupiter-params-5.8.2.jar;C:\Users\wesley.pereira_south\.m2\repository\org\junit\jupiter\junit-jupiter-engine\5.8.2\junit-jupiter-engine-5.8.2.jar;C:\Users\wesley.pereira_south\.m2\repository\org\junit\platform\junit-platform-engine\1.8.2\junit-platform-engine-1.8.2.jar;C:\Users\wesley.pereira_south\.m2\repository\com\thoughtworks\xstream\xstream\1.4.19\xstream-1.4.19.jar;C:\Users\wesley.pereira_south\.m2\repository\io\github\x-stream\mxparser\1.2.2\mxparser-1.2.2.jar;C:\Users\wesley.pereira_south\.m2\repository\xmlpull\xmlpull\1.1.3.1\xmlpull-1.1.3.1.jar;C:\Users\wesley.pereira_south\.m2\repository\org\assertj\assertj-core\3.22.0\assertj-core-3.22.0.jar;C:\Users\wesley.pereira_south\.m2\repository\io\rest-assured\rest-assured\4.4.0\rest-assured-4.4.0.jar;C:\Users\wesley.pereira_south\.m2\repository\org\codehaus\groovy\groovy\3.0.8\groovy-3.0.8.jar;C:\Users\wesley.pereira_south\.m2\repository\org\codehaus\groovy\groovy-xml\3.0.8\groovy-xml-3.0.8.jar;C:\Users\wesley.pereira_south\.m2\repository\org\apache\httpcomponents\httpclient\4.5.13\httpclient-4.5.13.jar;C:\Users\wesley.pereira_south\.m2\repository\org\apache\httpcomponents\httpcore\4.4.15\httpcore-4.4.15.jar;C:\Users\wesley.pereira_south\.m2\repository\commons-codec\commons-codec\1.15\commons-codec-1.15.jar;C:\Users\wesley.pereira_south\.m2\repository\org\apache\httpcomponents\httpmime\4.5.13\httpmime-4.5.13.jar;C:\Users\wesley.pereira_south\.m2\repository\org\hamcrest\hamcrest\2.1\hamcrest-2.1.jar;C:\Users\wesley.pereira_south\.m2\repository\org\ccil\cowan\tagsoup\tagsoup\1.2.1\tagsoup-1.2.1.jar;C:\Users\wesley.pereira_south\.m2\repository\io\rest-assured\json-path\4.4.0\json-path-4.4.0.jar;C:\Users\wesley.pereira_south\.m2\repository\org\codehaus\groovy\groovy-json\3.0.8\groovy-json-3.0.8.jar;C:\Users\wesley.pereira_south\.m2\repository\io\rest-assured\rest-assured-common\4.4.0\rest-assured-common-4.4.0.jar;C:\Users\wesley.pereira_south\.m2\repository\io\rest-assured\xml-path\4.4.0\xml-path-4.4.0.jar;C:\Users\wesley.pereira_south\.m2\repository\org\apache\commons\commons-lang3\3.12.0\commons-lang3-3.12.0.jar;C:\Users\wesley.pereira_south\.m2\repository\jakarta\xml\bind\jakarta.xml.bind-api\2.3.3\jakarta.xml.bind-api-2.3.3.jar;C:\Users\wesley.pereira_south\.m2\repository\com\sun\xml\bind\jaxb-impl\2.3.3\jaxb-impl-2.3.3.jar;"/>
    <property name="java.vm.vendor" value="Amazon.com Inc."/>
    <property name="sun.arch.data.model" value="64"/>
    <property name="user.variant" value=""/>
    <property name="java.vendor.url" value="https://aws.amazon.com/corretto/"/>
    <property name="user.timezone" value="America/Sao_Paulo"/>
    <property name="java.vm.specification.version" value="11"/>
    <property name="os.name" value="Windows 10"/>
    <property name="sun.java.launcher" value="SUN_STANDARD"/>
    <property name="user.country" value="BR"/>
    <property name="sun.boot.library.path" value="C:\Users\wesley.pereira_south\.jdks\corretto-11.0.14.1\bin"/>
    <property name="sun.java.command" value="C:\Users\wesley.pereira_south\AppData\Local\Temp\surefire5482986437270642704\surefirebooter5351318059319685047.jar C:\Users\wesley.pereira_south\AppData\Local\Temp\surefire5482986437270642704 2022-03-12T11-07-18_583-jvmRun1 surefire7684856228589828874tmp surefire_013018339656881867803tmp"/>
    <property name="jdk.debug" value="release"/>
    <property name="maven.home" value="C:\maven\apache-maven-3.8.4"/>
    <property name="surefire.test.class.path" value="C:\Projects\Quarkus\target\test-classes;C:\Projects\Quarkus\target\classes;C:\Users\wesley.pereira_south\.m2\repository\io\quarkus\quarkus-resteasy-reactive-jackson\2.7.4.Final\quarkus-resteasy-reactive-jackson-2.7.4.Final.jar;C:\Users\wesley.pereira_south\.m2\repository\io\quarkus\quarkus-resteasy-reactive-jackson-common\2.7.4.Final\quarkus-resteasy-reactive-jackson-common-2.7.4.Final.jar;C:\Users\wesley.pereira_south\.m2\repository\io\quarkus\resteasy\reactive\resteasy-reactive-jackson\2.7.4.Final\resteasy-reactive-jackson-2.7.4.Final.jar;C:\Users\wesley.pereira_south\.m2\repository\com\fasterxml\jackson\core\jackson-databind\2.13.1\jackson-databind-2.13.1.jar;C:\Users\wesley.pereira_south\.m2\repository\com\fasterxml\jackson\core\jackson-annotations\2.13.1\jackson-annotations-2.13.1.jar;C:\Users\wesley.pereira_south\.m2\repository\io\quarkus\quarkus-jackson\2.7.4.Final\quarkus-jackson-2.7.4.Final.jar;C:\Users\wesley.pereira_south\.m2\repository\com\fasterxml\jackson\datatype\jackson-datatype-jsr310\2.13.1\jackson-datatype-jsr310-2.13.1.jar;C:\Users\wesley.pereira_south\.m2\repository\com\fasterxml\jackson\datatype\jackson-datatype-jdk8\2.13.1\jackson-datatype-jdk8-2.13.1.jar;C:\Users\wesley.pereira_south\.m2\repository\com\fasterxml\jackson\module\jackson-module-parameter-names\2.13.1\jackson-module-parameter-names-2.13.1.jar;C:\Users\wesley.pereira_south\.m2\repository\io\quarkus\quarkus-hibernate-reactive-panache\2.7.4.Final\quarkus-hibernate-reactive-panache-2.7.4.Final.jar;C:\Users\wesley.pereira_south\.m2\repository\io\quarkus\quarkus-core\2.7.4.Final\quarkus-core-2.7.4.Final.jar;C:\Users\wesley.pereira_south\.m2\repository\jakarta\annotation\jakarta.annotation-api\1.3.5\jakarta.annotation-api-1.3.5.jar;C:\Users\wesley.pereira_south\.m2\repository\jakarta\enterprise\jakarta.enterprise.cdi-api\2.0.2\jakarta.enterprise.cdi-api-2.0.2.jar;C:\Users\wesley.pereira_south\.m2\repository\jakarta\el\jakarta.el-api\3.0.3\jakarta.el-api-3.0.3.jar;C:\Users\wesley.pereira_south\.m2\repository\jakarta\interceptor\jakarta.interceptor-api\1.2.5\jakarta.interceptor-api-1.2.5.jar;C:\Users\wesley.pereira_south\.m2\repository\jakarta\inject\jakarta.inject-api\1.0\jakarta.inject-api-1.0.jar;C:\Users\wesley.pereira_south\.m2\repository\io\quarkus\quarkus-ide-launcher\2.7.4.Final\quarkus-ide-launcher-2.7.4.Final.jar;C:\Users\wesley.pereira_south\.m2\repository\io\quarkus\quarkus-development-mode-spi\2.7.4.Final\quarkus-development-mode-spi-2.7.4.Final.jar;C:\Users\wesley.pereira_south\.m2\repository\io\smallrye\config\smallrye-config\2.9.1\smallrye-config-2.9.1.jar;C:\Users\wesley.pereira_south\.m2\repository\io\smallrye\config\smallrye-config-core\2.9.1\smallrye-config-core-2.9.1.jar;C:\Users\wesley.pereira_south\.m2\repository\org\eclipse\microprofile\config\microprofile-config-api\2.0.1\microprofile-config-api-2.0.1.jar;C:\Users\wesley.pereira_south\.m2\repository\io\smallrye\common\smallrye-common-expression\1.10.0\smallrye-common-expression-1.10.0.jar;C:\Users\wesley.pereira_south\.m2\repository\io\smallrye\common\smallrye-common-function\1.10.0\smallrye-common-function-1.10.0.jar;C:\Users\wesley.pereira_south\.m2\repository\io\smallrye\common\smallrye-common-classloader\1.10.0\smallrye-common-classloader-1.10.0.jar;C:\Users\wesley.pereira_south\.m2\repository\io\smallrye\config\smallrye-config-common\2.9.1\smallrye-config-common-2.9.1.jar;C:\Users\wesley.pereira_south\.m2\repository\org\jboss\logging\jboss-logging\3.4.3.Final\jboss-logging-3.4.3.Final.jar;C:\Users\wesley.pereira_south\.m2\repository\org\jboss\logmanager\jboss-logmanager-embedded\1.0.9\jboss-logmanager-embedded-1.0.9.jar;C:\Users\wesley.pereira_south\.m2\repository\org\jboss\logging\jboss-logging-annotations\2.2.1.Final\jboss-logging-annotations-2.2.1.Final.jar;C:\Users\wesley.pereira_south\.m2\repository\org\jboss\threads\jboss-threads\3.4.2.Final\jboss-threads-3.4.2.Final.jar;C:\Users\wesley.pereira_south\.m2\repository\org\slf4j\slf4j-api\1.7.33\slf4j-api-1.7.33.jar;C:\Users\wesley.pereira_south\.m2\repository\org\jboss\slf4j\slf4j-jboss-logmanager\1.1.0.Final\slf4j-jboss-logmanager-1.1.0.Final.jar;C:\Users\wesley.pereira_south\.m2\repository\org\graalvm\sdk\graal-sdk\21.3.1\graal-sdk-21.3.1.jar;C:\Users\wesley.pereira_south\.m2\repository\org\wildfly\common\wildfly-common\1.5.4.Final-format-001\wildfly-common-1.5.4.Final-format-001.jar;C:\Users\wesley.pereira_south\.m2\repository\io\quarkus\quarkus-bootstrap-runner\2.7.4.Final\quarkus-bootstrap-runner-2.7.4.Final.jar;C:\Users\wesley.pereira_south\.m2\repository\io\quarkus\quarkus-fs-util\0.0.9\quarkus-fs-util-0.0.9.jar;C:\Users\wesley.pereira_south\.m2\repository\io\quarkus\quarkus-hibernate-reactive\2.7.4.Final\quarkus-hibernate-reactive-2.7.4.Final.jar;C:\Users\wesley.pereira_south\.m2\repository\io\quarkus\quarkus-hibernate-orm\2.7.4.Final\quarkus-hibernate-orm-2.7.4.Final.jar;C:\Users\wesley.pereira_south\.m2\repository\org\hibernate\hibernate-core\5.6.5.Final\hibernate-core-5.6.5.Final.jar;C:\Users\wesley.pereira_south\.m2\repository\net\bytebuddy\byte-buddy\1.12.7\byte-buddy-1.12.7.jar;C:\Users\wesley.pereira_south\.m2\repository\antlr\antlr\2.7.7\antlr-2.7.7.jar;C:\Users\wesley.pereira_south\.m2\repository\com\fasterxml\classmate\1.5.1\classmate-1.5.1.jar;C:\Users\wesley.pereira_south\.m2\repository\org\hibernate\common\hibernate-commons-annotations\5.1.2.Final\hibernate-commons-annotations-5.1.2.Final.jar;C:\Users\wesley.pereira_south\.m2\repository\org\hibernate\hibernate-graalvm\5.6.5.Final\hibernate-graalvm-5.6.5.Final.jar;C:\Users\wesley.pereira_south\.m2\repository\org\glassfish\jaxb\jaxb-runtime\2.3.3-b02\jaxb-runtime-2.3.3-b02.jar;C:\Users\wesley.pereira_south\.m2\repository\org\glassfish\jaxb\txw2\2.3.3-b02\txw2-2.3.3-b02.jar;C:\Users\wesley.pereira_south\.m2\repository\com\sun\istack\istack-commons-runtime\3.0.10\istack-commons-runtime-3.0.10.jar;C:\Users\wesley.pereira_south\.m2\repository\com\sun\activation\jakarta.activation\1.2.1\jakarta.activation-1.2.1.jar;C:\Users\wesley.pereira_south\.m2\repository\org\jboss\spec\javax\xml\bind\jboss-jaxb-api_2.3_spec\2.0.0.Final\jboss-jaxb-api_2.3_spec-2.0.0.Final.jar;C:\Users\wesley.pereira_south\.m2\repository\jakarta\persistence\jakarta.persistence-api\2.2.3\jakarta.persistence-api-2.2.3.jar;C:\Users\wesley.pereira_south\.m2\repository\org\hibernate\quarkus-local-cache\0.1.0\quarkus-local-cache-0.1.0.jar;C:\Users\wesley.pereira_south\.m2\repository\com\github\ben-manes\caffeine\caffeine\2.9.3\caffeine-2.9.3.jar;C:\Users\wesley.pereira_south\.m2\repository\com\google\errorprone\error_prone_annotations\2.10.0\error_prone_annotations-2.10.0.jar;C:\Users\wesley.pereira_south\.m2\repository\io\quarkus\quarkus-caffeine\2.7.4.Final\quarkus-caffeine-2.7.4.Final.jar;C:\Users\wesley.pereira_south\.m2\repository\org\hibernate\reactive\hibernate-reactive-core\1.1.3.Final\hibernate-reactive-core-1.1.3.Final.jar;C:\Users\wesley.pereira_south\.m2\repository\io\quarkus\quarkus-mutiny\2.7.4.Final\quarkus-mutiny-2.7.4.Final.jar;C:\Users\wesley.pereira_south\.m2\repository\io\smallrye\reactive\mutiny\1.3.1\mutiny-1.3.1.jar;C:\Users\wesley.pereira_south\.m2\repository\org\reactivestreams\reactive-streams\1.0.3\reactive-streams-1.0.3.jar;C:\Users\wesley.pereira_south\.m2\repository\io\quarkus\quarkus-smallrye-context-propagation\2.7.4.Final\quarkus-smallrye-context-propagation-2.7.4.Final.jar;C:\Users\wesley.pereira_south\.m2\repository\io\smallrye\smallrye-context-propagation\1.2.2\smallrye-context-propagation-1.2.2.jar;C:\Users\wesley.pereira_south\.m2\repository\io\smallrye\smallrye-context-propagation-api\1.2.2\smallrye-context-propagation-api-1.2.2.jar;C:\Users\wesley.pereira_south\.m2\repository\io\smallrye\smallrye-context-propagation-storage\1.2.2\smallrye-context-propagation-storage-1.2.2.jar;C:\Users\wesley.pereira_south\.m2\repository\io\smallrye\reactive\mutiny-smallrye-context-propagation\1.3.1\mutiny-smallrye-context-propagation-1.3.1.jar;C:\Users\wesley.pereira_south\.m2\repository\io\quarkus\quarkus-hibernate-reactive-panache-common\2.7.4.Final\quarkus-hibernate-reactive-panache-common-2.7.4.Final.jar;C:\Users\wesley.pereira_south\.m2\repository\io\quarkus\quarkus-panache-common\2.7.4.Final\quarkus-panache-common-2.7.4.Final.jar;C:\Users\wesley.pereira_south\.m2\repository\io\quarkus\quarkus-panache-hibernate-common\2.7.4.Final\quarkus-panache-hibernate-common-2.7.4.Final.jar;C:\Users\wesley.pereira_south\.m2\repository\io\smallrye\common\smallrye-common-annotation\1.10.0\smallrye-common-annotation-1.10.0.jar;C:\Users\wesley.pereira_south\.m2\repository\io\quarkus\quarkus-reactive-pg-client\2.7.4.Final\quarkus-reactive-pg-client-2.7.4.Final.jar;C:\Users\wesley.pereira_south\.m2\repository\io\quarkus\quarkus-reactive-datasource\2.7.4.Final\quarkus-reactive-datasource-2.7.4.Final.jar;C:\Users\wesley.pereira_south\.m2\repository\io\quarkus\quarkus-datasource\2.7.4.Final\quarkus-datasource-2.7.4.Final.jar;C:\Users\wesley.pereira_south\.m2\repository\io\quarkus\quarkus-datasource-common\2.7.4.Final\quarkus-datasource-common-2.7.4.Final.jar;C:\Users\wesley.pereira_south\.m2\repository\io\vertx\vertx-sql-client\4.2.5\vertx-sql-client-4.2.5.jar;C:\Users\wesley.pereira_south\.m2\repository\io\quarkus\quarkus-vertx\2.7.4.Final\quarkus-vertx-2.7.4.Final.jar;C:\Users\wesley.pereira_south\.m2\repository\io\quarkus\quarkus-netty\2.7.4.Final\quarkus-netty-2.7.4.Final.jar;C:\Users\wesley.pereira_south\.m2\repository\io\netty\netty-codec\4.1.74.Final\netty-codec-4.1.74.Final.jar;C:\Users\wesley.pereira_south\.m2\repository\io\netty\netty-codec-http\4.1.74.Final\netty-codec-http-4.1.74.Final.jar;C:\Users\wesley.pereira_south\.m2\repository\io\netty\netty-codec-http2\4.1.74.Final\netty-codec-http2-4.1.74.Final.jar;C:\Users\wesley.pereira_south\.m2\repository\io\netty\netty-handler\4.1.74.Final\netty-handler-4.1.74.Final.jar;C:\Users\wesley.pereira_south\.m2\repository\io\netty\netty-tcnative-classes\2.0.48.Final\netty-tcnative-classes-2.0.48.Final.jar;C:\Users\wesley.pereira_south\.m2\repository\io\netty\netty-codec-haproxy\4.1.74.Final\netty-codec-haproxy-4.1.74.Final.jar;C:\Users\wesley.pereira_south\.m2\repository\io\netty\netty-buffer\4.1.74.Final\netty-buffer-4.1.74.Final.jar;C:\Users\wesley.pereira_south\.m2\repository\io\netty\netty-transport\4.1.74.Final\netty-transport-4.1.74.Final.jar;C:\Users\wesley.pereira_south\.m2\repository\io\smallrye\common\smallrye-common-vertx-context\1.10.0\smallrye-common-vertx-context-1.10.0.jar;C:\Users\wesley.pereira_south\.m2\repository\io\smallrye\common\smallrye-common-constraint\1.10.0\smallrye-common-constraint-1.10.0.jar;C:\Users\wesley.pereira_south\.m2\repository\io\smallrye\reactive\smallrye-mutiny-vertx-core\2.18.1\smallrye-mutiny-vertx-core-2.18.1.jar;C:\Users\wesley.pereira_south\.m2\repository\io\smallrye\reactive\smallrye-mutiny-vertx-runtime\2.18.1\smallrye-mutiny-vertx-runtime-2.18.1.jar;C:\Users\wesley.pereira_south\.m2\repository\io\smallrye\reactive\vertx-mutiny-generator\2.18.1\vertx-mutiny-generator-2.18.1.jar;C:\Users\wesley.pereira_south\.m2\repository\io\vertx\vertx-codegen\4.2.5\vertx-codegen-4.2.5.jar;C:\Users\wesley.pereira_south\.m2\repository\io\smallrye\smallrye-fault-tolerance-vertx\5.2.1\smallrye-fault-tolerance-vertx-5.2.1.jar;C:\Users\wesley.pereira_south\.m2\repository\io\vertx\vertx-pg-client\4.2.5\vertx-pg-client-4.2.5.jar;C:\Users\wesley.pereira_south\.m2\repository\io\vertx\vertx-core\4.2.5\vertx-core-4.2.5.jar;C:\Users\wesley.pereira_south\.m2\repository\io\netty\netty-common\4.1.74.Final\netty-common-4.1.74.Final.jar;C:\Users\wesley.pereira_south\.m2\repository\io\netty\netty-handler-proxy\4.1.74.Final\netty-handler-proxy-4.1.74.Final.jar;C:\Users\wesley.pereira_south\.m2\repository\io\netty\netty-codec-socks\4.1.74.Final\netty-codec-socks-4.1.74.Final.jar;C:\Users\wesley.pereira_south\.m2\repository\io\netty\netty-resolver\4.1.74.Final\netty-resolver-4.1.74.Final.jar;C:\Users\wesley.pereira_south\.m2\repository\io\netty\netty-resolver-dns\4.1.74.Final\netty-resolver-dns-4.1.74.Final.jar;C:\Users\wesley.pereira_south\.m2\repository\io\netty\netty-codec-dns\4.1.74.Final\netty-codec-dns-4.1.74.Final.jar;C:\Users\wesley.pereira_south\.m2\repository\com\fasterxml\jackson\core\jackson-core\2.13.1\jackson-core-2.13.1.jar;C:\Users\wesley.pereira_south\.m2\repository\com\ongres\scram\client\2.1\client-2.1.jar;C:\Users\wesley.pereira_south\.m2\repository\com\ongres\scram\common\2.1\common-2.1.jar;C:\Users\wesley.pereira_south\.m2\repository\com\ongres\stringprep\saslprep\1.1\saslprep-1.1.jar;C:\Users\wesley.pereira_south\.m2\repository\com\ongres\stringprep\stringprep\1.1\stringprep-1.1.jar;C:\Users\wesley.pereira_south\.m2\repository\io\smallrye\reactive\smallrye-mutiny-vertx-pg-client\2.18.1\smallrye-mutiny-vertx-pg-client-2.18.1.jar;C:\Users\wesley.pereira_south\.m2\repository\io\smallrye\reactive\smallrye-mutiny-vertx-sql-client\2.18.1\smallrye-mutiny-vertx-sql-client-2.18.1.jar;C:\Users\wesley.pereira_south\.m2\repository\io\quarkus\quarkus-credentials\2.7.4.Final\quarkus-credentials-2.7.4.Final.jar;C:\Users\wesley.pereira_south\.m2\repository\io\quarkus\quarkus-arc\2.7.4.Final\quarkus-arc-2.7.4.Final.jar;C:\Users\wesley.pereira_south\.m2\repository\io\quarkus\arc\arc\2.7.4.Final\arc-2.7.4.Final.jar;C:\Users\wesley.pereira_south\.m2\repository\jakarta\transaction\jakarta.transaction-api\1.3.3\jakarta.transaction-api-1.3.3.jar;C:\Users\wesley.pereira_south\.m2\repository\org\eclipse\microprofile\context-propagation\microprofile-context-propagation-api\1.2\microprofile-context-propagation-api-1.2.jar;C:\Users\wesley.pereira_south\.m2\repository\io\quarkus\quarkus-resteasy-reactive\2.7.4.Final\quarkus-resteasy-reactive-2.7.4.Final.jar;C:\Users\wesley.pereira_south\.m2\repository\org\jboss\spec\javax\ws\rs\jboss-jaxrs-api_2.1_spec\2.0.1.Final\jboss-jaxrs-api_2.1_spec-2.0.1.Final.jar;C:\Users\wesley.pereira_south\.m2\repository\io\quarkus\quarkus-resteasy-reactive-common\2.7.4.Final\quarkus-resteasy-reactive-common-2.7.4.Final.jar;C:\Users\wesley.pereira_south\.m2\repository\io\quarkus\resteasy\reactive\resteasy-reactive-common\2.7.4.Final\resteasy-reactive-common-2.7.4.Final.jar;C:\Users\wesley.pereira_south\.m2\repository\io\quarkus\resteasy\reactive\resteasy-reactive-vertx\2.7.4.Final\resteasy-reactive-vertx-2.7.4.Final.jar;C:\Users\wesley.pereira_south\.m2\repository\io\vertx\vertx-web\4.2.5\vertx-web-4.2.5.jar;C:\Users\wesley.pereira_south\.m2\repository\io\vertx\vertx-web-common\4.2.5\vertx-web-common-4.2.5.jar;C:\Users\wesley.pereira_south\.m2\repository\io\vertx\vertx-auth-common\4.2.5\vertx-auth-common-4.2.5.jar;C:\Users\wesley.pereira_south\.m2\repository\io\vertx\vertx-bridge-common\4.2.5\vertx-bridge-common-4.2.5.jar;C:\Users\wesley.pereira_south\.m2\repository\io\quarkus\resteasy\reactive\resteasy-reactive\2.7.4.Final\resteasy-reactive-2.7.4.Final.jar;C:\Users\wesley.pereira_south\.m2\repository\org\jboss\logging\commons-logging-jboss-logging\1.0.0.Final\commons-logging-jboss-logging-1.0.0.Final.jar;C:\Users\wesley.pereira_south\.m2\repository\io\quarkus\quarkus-vertx-http\2.7.4.Final\quarkus-vertx-http-2.7.4.Final.jar;C:\Users\wesley.pereira_south\.m2\repository\io\quarkus\quarkus-security-runtime-spi\2.7.4.Final\quarkus-security-runtime-spi-2.7.4.Final.jar;C:\Users\wesley.pereira_south\.m2\repository\io\quarkus\quarkus-vertx-http-dev-console-runtime-spi\2.7.4.Final\quarkus-vertx-http-dev-console-runtime-spi-2.7.4.Final.jar;C:\Users\wesley.pereira_south\.m2\repository\io\quarkus\security\quarkus-security\1.1.4.Final\quarkus-security-1.1.4.Final.jar;C:\Users\wesley.pereira_south\.m2\repository\io\smallrye\reactive\smallrye-mutiny-vertx-web\2.18.1\smallrye-mutiny-vertx-web-2.18.1.jar;C:\Users\wesley.pereira_south\.m2\repository\io\smallrye\reactive\smallrye-mutiny-vertx-web-common\2.18.1\smallrye-mutiny-vertx-web-common-2.18.1.jar;C:\Users\wesley.pereira_south\.m2\repository\io\smallrye\reactive\smallrye-mutiny-vertx-auth-common\2.18.1\smallrye-mutiny-vertx-auth-common-2.18.1.jar;C:\Users\wesley.pereira_south\.m2\repository\io\smallrye\reactive\smallrye-mutiny-vertx-bridge-common\2.18.1\smallrye-mutiny-vertx-bridge-common-2.18.1.jar;C:\Users\wesley.pereira_south\.m2\repository\io\quarkus\quarkus-jsonp\2.7.4.Final\quarkus-jsonp-2.7.4.Final.jar;C:\Users\wesley.pereira_south\.m2\repository\org\glassfish\jakarta.json\1.1.6\jakarta.json-1.1.6.jar;C:\Users\wesley.pereira_south\.m2\repository\io\quarkus\quarkus-junit5\2.7.4.Final\quarkus-junit5-2.7.4.Final.jar;C:\Users\wesley.pereira_south\.m2\repository\io\quarkus\quarkus-bootstrap-core\2.7.4.Final\quarkus-bootstrap-core-2.7.4.Final.jar;C:\Users\wesley.pereira_south\.m2\repository\io\quarkus\quarkus-bootstrap-app-model\2.7.4.Final\quarkus-bootstrap-app-model-2.7.4.Final.jar;C:\Users\wesley.pereira_south\.m2\repository\io\quarkus\quarkus-bootstrap-maven-resolver\2.7.4.Final\quarkus-bootstrap-maven-resolver-2.7.4.Final.jar;C:\Users\wesley.pereira_south\.m2\repository\org\apache\maven\maven-embedder\3.8.4\maven-embedder-3.8.4.jar;C:\Users\wesley.pereira_south\.m2\repository\org\apache\maven\maven-settings\3.8.4\maven-settings-3.8.4.jar;C:\Users\wesley.pereira_south\.m2\repository\org\apache\maven\maven-core\3.8.4\maven-core-3.8.4.jar;C:\Users\wesley.pereira_south\.m2\repository\org\apache\maven\maven-artifact\3.8.4\maven-artifact-3.8.4.jar;C:\Users\wesley.pereira_south\.m2\repository\org\codehaus\plexus\plexus-component-annotations\2.1.0\plexus-component-annotations-2.1.0.jar;C:\Users\wesley.pereira_south\.m2\repository\org\apache\maven\maven-plugin-api\3.8.4\maven-plugin-api-3.8.4.jar;C:\Users\wesley.pereira_south\.m2\repository\org\apache\maven\maven-model\3.8.4\maven-model-3.8.4.jar;C:\Users\wesley.pereira_south\.m2\repository\org\apache\maven\maven-model-builder\3.8.4\maven-model-builder-3.8.4.jar;C:\Users\wesley.pereira_south\.m2\repository\org\apache\maven\maven-builder-support\3.8.4\maven-builder-support-3.8.4.jar;C:\Users\wesley.pereira_south\.m2\repository\org\apache\maven\resolver\maven-resolver-api\1.6.3\maven-resolver-api-1.6.3.jar;C:\Users\wesley.pereira_south\.m2\repository\org\apache\maven\resolver\maven-resolver-util\1.6.3\maven-resolver-util-1.6.3.jar;C:\Users\wesley.pereira_south\.m2\repository\org\apache\maven\shared\maven-shared-utils\3.3.4\maven-shared-utils-3.3.4.jar;C:\Users\wesley.pereira_south\.m2\repository\commons-io\commons-io\2.11.0\commons-io-2.11.0.jar;C:\Users\wesley.pereira_south\.m2\repository\com\google\inject\guice\4.2.2\guice-4.2.2-no_aop.jar;C:\Users\wesley.pereira_south\.m2\repository\com\google\guava\guava\30.1.1-jre\guava-30.1.1-jre.jar;C:\Users\wesley.pereira_south\.m2\repository\com\google\guava\failureaccess\1.0.1\failureaccess-1.0.1.jar;C:\Users\wesley.pereira_south\.m2\repository\org\codehaus\plexus\plexus-classworlds\2.6.0\plexus-classworlds-2.6.0.jar;C:\Users\wesley.pereira_south\.m2\repository\org\codehaus\plexus\plexus-sec-dispatcher\2.0\plexus-sec-dispatcher-2.0.jar;C:\Users\wesley.pereira_south\.m2\repository\org\codehaus\plexus\plexus-cipher\2.0\plexus-cipher-2.0.jar;C:\Users\wesley.pereira_south\.m2\repository\commons-cli\commons-cli\1.4\commons-cli-1.4.jar;C:\Users\wesley.pereira_south\.m2\repository\org\eclipse\sisu\org.eclipse.sisu.plexus\0.3.5\org.eclipse.sisu.plexus-0.3.5.jar;C:\Users\wesley.pereira_south\.m2\repository\org\apache\maven\maven-settings-builder\3.8.4\maven-settings-builder-3.8.4.jar;C:\Users\wesley.pereira_south\.m2\repository\org\codehaus\plexus\plexus-interpolation\1.26\plexus-interpolation-1.26.jar;C:\Users\wesley.pereira_south\.m2\repository\org\apache\maven\maven-resolver-provider\3.8.4\maven-resolver-provider-3.8.4.jar;C:\Users\wesley.pereira_south\.m2\repository\org\apache\maven\maven-repository-metadata\3.8.4\maven-repository-metadata-3.8.4.jar;C:\Users\wesley.pereira_south\.m2\repository\org\apache\maven\resolver\maven-resolver-spi\1.6.3\maven-resolver-spi-1.6.3.jar;C:\Users\wesley.pereira_south\.m2\repository\org\apache\maven\resolver\maven-resolver-impl\1.6.3\maven-resolver-impl-1.6.3.jar;C:\Users\wesley.pereira_south\.m2\repository\org\codehaus\plexus\plexus-utils\3.3.0\plexus-utils-3.3.0.jar;C:\Users\wesley.pereira_south\.m2\repository\org\apache\maven\resolver\maven-resolver-connector-basic\1.6.3\maven-resolver-connector-basic-1.6.3.jar;C:\Users\wesley.pereira_south\.m2\repository\org\apache\maven\resolver\maven-resolver-transport-wagon\1.6.3\maven-resolver-transport-wagon-1.6.3.jar;C:\Users\wesley.pereira_south\.m2\repository\org\apache\maven\wagon\wagon-http\3.4.3\wagon-http-3.4.3.jar;C:\Users\wesley.pereira_south\.m2\repository\org\apache\maven\wagon\wagon-http-shared\3.4.3\wagon-http-shared-3.4.3.jar;C:\Users\wesley.pereira_south\.m2\repository\org\jsoup\jsoup\1.14.2\jsoup-1.14.2.jar;C:\Users\wesley.pereira_south\.m2\repository\org\apache\maven\wagon\wagon-provider-api\3.4.3\wagon-provider-api-3.4.3.jar;C:\Users\wesley.pereira_south\.m2\repository\org\apache\maven\wagon\wagon-file\3.4.3\wagon-file-3.4.3.jar;C:\Users\wesley.pereira_south\.m2\repository\io\quarkus\quarkus-bootstrap-gradle-resolver\2.7.4.Final\quarkus-bootstrap-gradle-resolver-2.7.4.Final.jar;C:\Users\wesley.pereira_south\.m2\repository\io\smallrye\common\smallrye-common-io\1.10.0\smallrye-common-io-1.10.0.jar;C:\Users\wesley.pereira_south\.m2\repository\org\eclipse\sisu\org.eclipse.sisu.inject\0.3.5\org.eclipse.sisu.inject-0.3.5.jar;C:\Users\wesley.pereira_south\.m2\repository\io\quarkus\quarkus-test-common\2.7.4.Final\quarkus-test-common-2.7.4.Final.jar;C:\Users\wesley.pereira_south\.m2\repository\io\quarkus\quarkus-core-deployment\2.7.4.Final\quarkus-core-deployment-2.7.4.Final.jar;C:\Users\wesley.pereira_south\.m2\repository\org\aesh\readline\2.2\readline-2.2.jar;C:\Users\wesley.pereira_south\.m2\repository\org\fusesource\jansi\jansi\1.18\jansi-1.18.jar;C:\Users\wesley.pereira_south\.m2\repository\org\aesh\aesh\2.6\aesh-2.6.jar;C:\Users\wesley.pereira_south\.m2\repository\io\quarkus\gizmo\gizmo\1.0.10.Final\gizmo-1.0.10.Final.jar;C:\Users\wesley.pereira_south\.m2\repository\org\ow2\asm\asm-util\9.2\asm-util-9.2.jar;C:\Users\wesley.pereira_south\.m2\repository\org\ow2\asm\asm\9.2\asm-9.2.jar;C:\Users\wesley.pereira_south\.m2\repository\org\ow2\asm\asm-commons\9.2\asm-commons-9.2.jar;C:\Users\wesley.pereira_south\.m2\repository\org\ow2\asm\asm-tree\9.2\asm-tree-9.2.jar;C:\Users\wesley.pereira_south\.m2\repository\org\ow2\asm\asm-analysis\9.2\asm-analysis-9.2.jar;C:\Users\wesley.pereira_south\.m2\repository\io\quarkus\quarkus-class-change-agent\2.7.4.Final\quarkus-class-change-agent-2.7.4.Final.jar;C:\Users\wesley.pereira_south\.m2\repository\io\quarkus\quarkus-devtools-utilities\2.7.4.Final\quarkus-devtools-utilities-2.7.4.Final.jar;C:\Users\wesley.pereira_south\.m2\repository\io\quarkus\quarkus-builder\2.7.4.Final\quarkus-builder-2.7.4.Final.jar;C:\Users\wesley.pereira_south\.m2\repository\org\junit\platform\junit-platform-launcher\1.8.2\junit-platform-launcher-1.8.2.jar;C:\Users\wesley.pereira_south\.m2\repository\io\quarkus\quarkus-jsonp-deployment\2.7.4.Final\quarkus-jsonp-deployment-2.7.4.Final.jar;C:\Users\wesley.pereira_south\.m2\repository\org\jboss\jandex\2.4.2.Final\jandex-2.4.2.Final.jar;C:\Users\wesley.pereira_south\.m2\repository\io\quarkus\quarkus-junit5-properties\2.7.4.Final\quarkus-junit5-properties-2.7.4.Final.jar;C:\Users\wesley.pereira_south\.m2\repository\org\junit\jupiter\junit-jupiter\5.8.2\junit-jupiter-5.8.2.jar;C:\Users\wesley.pereira_south\.m2\repository\org\junit\jupiter\junit-jupiter-api\5.8.2\junit-jupiter-api-5.8.2.jar;C:\Users\wesley.pereira_south\.m2\repository\org\opentest4j\opentest4j\1.2.0\opentest4j-1.2.0.jar;C:\Users\wesley.pereira_south\.m2\repository\org\junit\platform\junit-platform-commons\1.8.2\junit-platform-commons-1.8.2.jar;C:\Users\wesley.pereira_south\.m2\repository\org\apiguardian\apiguardian-api\1.1.2\apiguardian-api-1.1.2.jar;C:\Users\wesley.pereira_south\.m2\repository\org\junit\jupiter\junit-jupiter-params\5.8.2\junit-jupiter-params-5.8.2.jar;C:\Users\wesley.pereira_south\.m2\repository\org\junit\jupiter\junit-jupiter-engine\5.8.2\junit-jupiter-engine-5.8.2.jar;C:\Users\wesley.pereira_south\.m2\repository\org\junit\platform\junit-platform-engine\1.8.2\junit-platform-engine-1.8.2.jar;C:\Users\wesley.pereira_south\.m2\repository\com\thoughtworks\xstream\xstream\1.4.19\xstream-1.4.19.jar;C:\Users\wesley.pereira_south\.m2\repository\io\github\x-stream\mxparser\1.2.2\mxparser-1.2.2.jar;C:\Users\wesley.pereira_south\.m2\repository\xmlpull\xmlpull\1.1.3.1\xmlpull-1.1.3.1.jar;C:\Users\wesley.pereira_south\.m2\repository\org\assertj\assertj-core\3.22.0\assertj-core-3.22.0.jar;C:\Users\wesley.pereira_south\.m2\repository\io\rest-assured\rest-assured\4.4.0\rest-assured-4.4.0.jar;C:\Users\wesley.pereira_south\.m2\repository\org\codehaus\groovy\groovy\3.0.8\groovy-3.0.8.jar;C:\Users\wesley.pereira_south\.m2\repository\org\codehaus\groovy\groovy-xml\3.0.8\groovy-xml-3.0.8.jar;C:\Users\wesley.pereira_south\.m2\repository\org\apache\httpcomponents\httpclient\4.5.13\httpclient-4.5.13.jar;C:\Users\wesley.pereira_south\.m2\repository\org\apache\httpcomponents\httpcore\4.4.15\httpcore-4.4.15.jar;C:\Users\wesley.pereira_south\.m2\repository\commons-codec\commons-codec\1.15\commons-codec-1.15.jar;C:\Users\wesley.pereira_south\.m2\repository\org\apache\httpcomponents\httpmime\4.5.13\httpmime-4.5.13.jar;C:\Users\wesley.pereira_south\.m2\repository\org\hamcrest\hamcrest\2.1\hamcrest-2.1.jar;C:\Users\wesley.pereira_south\.m2\repository\org\ccil\cowan\tagsoup\tagsoup\1.2.1\tagsoup-1.2.1.jar;C:\Users\wesley.pereira_south\.m2\repository\io\rest-assured\json-path\4.4.0\json-path-4.4.0.jar;C:\Users\wesley.pereira_south\.m2\repository\org\codehaus\groovy\groovy-json\3.0.8\groovy-json-3.0.8.jar;C:\Users\wesley.pereira_south\.m2\repository\io\rest-assured\rest-assured-common\4.4.0\rest-assured-common-4.4.0.jar;C:\Users\wesley.pereira_south\.m2\repository\io\rest-assured\xml-path\4.4.0\xml-path-4.4.0.jar;C:\Users\wesley.pereira_south\.m2\repository\org\apache\commons\commons-lang3\3.12.0\commons-lang3-3.12.0.jar;C:\Users\wesley.pereira_south\.m2\repository\jakarta\xml\bind\jakarta.xml.bind-api\2.3.3\jakarta.xml.bind-api-2.3.3.jar;C:\Users\wesley.pereira_south\.m2\repository\com\sun\xml\bind\jaxb-impl\2.3.3\jaxb-impl-2.3.3.jar;"/>
    <property name="sun.cpu.endian" value="little"/>
    <property name="user.home" value="C:\Users\wesley.pereira_south"/>
    <property name="user.language" value="pt"/>
    <property name="java.specification.vendor" value="Oracle Corporation"/>
    <property name="io.netty.allocator.maxOrder" value="3"/>
    <property name="java.version.date" value="2022-02-08"/>
    <property name="java.home" value="C:\Users\wesley.pereira_south\.jdks\corretto-11.0.14.1"/>
    <property name="org.testcontainers.shaded.io.netty.packagePrefix" value="org.testcontainers.shaded."/>
    <property name="file.separator" value="\"/>
    <property name="basedir" value="C:\Projects\Quarkus"/>
    <property name="java.vm.compressedOopsMode" value="Zero based"/>
    <property name="line.separator" value="&#10;"/>
    <property name="java.specification.name" value="Java Platform API Specification"/>
    <property name="java.vm.specification.vendor" value="Oracle Corporation"/>
    <property name="java.awt.graphicsenv" value="sun.awt.Win32GraphicsEnvironment"/>
    <property name="surefire.real.class.path" value="C:\Users\wesley.pereira_south\AppData\Local\Temp\surefire5482986437270642704\surefirebooter5351318059319685047.jar"/>
    <property name="user.script" value=""/>
    <property name="sun.management.compiler" value="HotSpot 64-Bit Tiered Compilers"/>
    <property name="java.runtime.version" value="11.0.14.1+10-LTS"/>
    <property name="user.name" value="wesley.pereira_south"/>
    <property name="path.separator" value=";"/>
    <property name="os.version" value="10.0"/>
    <property name="java.runtime.name" value="OpenJDK Runtime Environment"/>
    <property name="file.encoding" value="Cp1252"/>
    <property name="java.vm.name" value="OpenJDK 64-Bit Server VM"/>
    <property name="java.vendor.version" value="Corretto-11.0.14.10.1"/>
    <property name="localRepository" value="C:\Users\wesley.pereira_south\.m2\repository"/>
    <property name="java.vendor.url.bug" value="https://github.com/corretto/corretto-11/issues/"/>
    <property name="java.io.tmpdir" value="C:\Users\WESLEY~1.PER\AppData\Local\Temp\"/>
    <property name="quarkus.log.file.path" value="target\quarkus.log"/>
    <property name="java.version" value="11.0.14.1"/>
    <property name="java.util.concurrent.ForkJoinPool.common.threadFactory" value="io.quarkus.bootstrap.forkjoin.QuarkusForkJoinWorkerThreadFactory"/>
    <property name="user.dir" value="C:\Projects\Quarkus"/>
    <property name="os.arch" value="amd64"/>
    <property name="hibernate.bytecode.provider" value="none"/>
    <property name="java.vm.specification.name" value="Java Virtual Machine Specification"/>
    <property name="vertx.disableDnsResolver" value="true"/>
    <property name="java.awt.printerjob" value="sun.awt.windows.WPrinterJob"/>
    <property name="sun.os.patch.level" value=""/>
    <property name="java.util.logging.manager" value="org.jboss.logmanager.LogManager"/>
    <property name="java.library.path" value="C:\Users\wesley.pereira_south\.jdks\corretto-11.0.14.1\bin;C:\Windows\Sun\Java\bin;C:\Windows\system32;C:\Windows;C:\Windows\system32;C:\Windows;C:\Windows\System32\Wbem;C:\Windows\System32\WindowsPowerShell\v1.0\;C:\Windows\System32\OpenSSH\;C:\Program Files\NVIDIA Corporation\NVIDIA NvDLISR;C:\Program Files (x86)\NVIDIA Corporation\PhysX\Common;C:\Program Files\PuTTY\;C:\Users\wesley.pereira_south\.jdks\corretto-11.0.14.1\bin;C:\Program Files\Docker\Docker\resources\bin;C:\ProgramData\DockerDesktop\version-bin;C:\Program Files\Go\bin;C:\Users\wesley.pereira_south\AppData\Local\Microsoft\WindowsApps;C:\Users\wesley.pereira_south\AppData\Local\Programs\Microsoft VS Code\bin;C:\Users\wesley.pereira_south\AppData\Local\Programs\Git\cmd;C:\maven\apache-maven-3.8.4\bin;C:\mandrel-java11-22.0.0.2-Final\bin;C:\Users\wesley.pereira_south\go\bin;."/>
    <property name="java.vm.info" value="mixed mode"/>
    <property name="java.vendor" value="Amazon.com Inc."/>
    <property name="vertx.disableTCCL" value="true"/>
    <property name="java.vm.version" value="11.0.14.1+10-LTS"/>
    <property name="sun.io.unicode.encoding" value="UnicodeLittle"/>
    <property name="io.netty.machineId" value="64:88:b5:ef:7e:2b:13:d1"/>
    <property name="java.class.version" value="55.0"/>
  </properties>
  <testcase name="testHelloEndpoint" classname="br.com.legalizzr.reactivebasic.QuarkusReactBasicTest" time="1.831">
    <system-out><![CDATA[2022-03-12 11:07:27,249 INFO  [org.jbo.threads] (main) JBoss Threads version 3.4.2.Final
2022-03-12 11:07:27,861 INFO  [org.tes.doc.DockerClientProviderStrategy] (build-3) Loaded org.testcontainers.dockerclient.NpipeSocketClientProviderStrategy from ~/.testcontainers.properties, will try it first
2022-03-12 11:07:28,865 INFO  [org.tes.doc.DockerClientProviderStrategy] (build-3) Found Docker environment with local Npipe socket (npipe:////./pipe/docker_engine)
2022-03-12 11:07:28,867 INFO  [org.tes.DockerClientFactory] (build-3) Docker host IP address is localhost
2022-03-12 11:07:28,928 INFO  [org.tes.DockerClientFactory] (build-3) Connected to docker: 
  Server Version: 20.10.12
  API Version: 1.41
  Operating System: Docker Desktop
  Total Memory: 12574 MB
2022-03-12 11:07:28,946 INFO  [org.tes.uti.ImageNameSubstitutor] (build-3) Image name substitution will be performed by: DefaultImageNameSubstitutor (composite of 'ConfigurationFileImageNameSubstitutor' and 'PrefixingImageNameSubstitutor')
2022-03-12 11:07:29,966 INFO  [org.tes.uti.RegistryAuthLocator] (build-3) Credential helper/store (docker-credential-desktop) does not have credentials for index.docker.io
2022-03-12 11:07:32,350 INFO  [org.tes.DockerClientFactory] (build-3) Ryuk started - will monitor and terminate Testcontainers containers on JVM exit
2022-03-12 11:07:32,350 INFO  [org.tes.DockerClientFactory] (build-3) Checking the system...
2022-03-12 11:07:32,351 INFO  [org.tes.DockerClientFactory] (build-3) ?? Docker server version should be at least 1.6.0
2022-03-12 11:07:32,524 INFO  [org.tes.DockerClientFactory] (build-3) ?? Docker environment should have more than 2GB free disk space
2022-03-12 11:07:32,569 INFO  [doc.io/.1]] (build-3) Creating container for image: docker.io/postgres:14.1
2022-03-12 11:07:32,840 INFO  [org.tes.uti.RegistryAuthLocator] (build-3) Credential helper/store (docker-credential-desktop) does not have credentials for docker.io
2022-03-12 11:07:32,964 INFO  [doc.io/.1]] (build-3) Container docker.io/postgres:14.1 is starting: 4c463ef895f71caf1e3e1a0f34b7392212b04f7b29bb07dfb0dd0921149fe2b8
2022-03-12 11:07:34,632 INFO  [doc.io/.1]] (build-3) Container docker.io/postgres:14.1 started in PT2.0939613S
2022-03-12 11:07:34,634 INFO  [io.qua.dev.pos.dep.PostgresqlDevServicesProcessor] (build-3) Dev Services for PostgreSQL started.
2022-03-12 11:07:34,635 INFO  [io.qua.dat.dep.dev.DevServicesDatasourceProcessor] (build-3) Dev Services for the default datasource (postgresql) started.
2022-03-12 11:07:36,121 INFO  [org.hib.rea.pro.imp.ReactiveIntegrator] (JPA Startup Thread: default-reactive) HR000001: Hibernate Reactive
2022-03-12 11:07:36,464 WARN  [io.ver.sql.imp.SocketConnectionBase] (vert.x-eventloop-thread-0) Backend notice: severity='NOTICE', code='00000', message='table "fruit" does not exist, skipping', detail='null', hint='null', position='null', internalPosition='null', internalQuery='null', where='null', file='tablecmds.c', line='1265', routine='DropErrorMsgNonExistent', schema='null', table='null', column='null', dataType='null', constraint='null'
2022-03-12 11:07:36,467 WARN  [io.ver.sql.imp.SocketConnectionBase] (vert.x-eventloop-thread-0) Backend notice: severity='NOTICE', code='00000', message='sequence "hibernate_sequence" does not exist, skipping', detail='null', hint='null', position='null', internalPosition='null', internalQuery='null', where='null', file='tablecmds.c', line='1265', routine='DropErrorMsgNonExistent', schema='null', table='null', column='null', dataType='null', constraint='null'
2022-03-12 11:07:36,495 WARN  [io.ver.sql.imp.SocketConnectionBase] (vert.x-eventloop-thread-0) Backend notice: severity='NOTICE', code='00000', message='table "fruit" does not exist, skipping', detail='null', hint='null', position='null', internalPosition='null', internalQuery='null', where='null', file='tablecmds.c', line='1265', routine='DropErrorMsgNonExistent', schema='null', table='null', column='null', dataType='null', constraint='null'
2022-03-12 11:07:36,498 WARN  [io.ver.sql.imp.SocketConnectionBase] (vert.x-eventloop-thread-0) Backend notice: severity='NOTICE', code='00000', message='sequence "hibernate_sequence" does not exist, skipping', detail='null', hint='null', position='null', internalPosition='null', internalQuery='null', where='null', file='tablecmds.c', line='1265', routine='DropErrorMsgNonExistent', schema='null', table='null', column='null', dataType='null', constraint='null'
2022-03-12 11:07:36,591 INFO  [io.quarkus] (main) Quarkus 2.7.4.Final on JVM started in 10.434s. Listening on: http://localhost:8081
2022-03-12 11:07:36,592 INFO  [io.quarkus] (main) Profile test activated. 
2022-03-12 11:07:36,593 INFO  [io.quarkus] (main) Installed features: [cdi, hibernate-orm, hibernate-reactive, hibernate-reactive-panache, reactive-pg-client, resteasy-reactive, resteasy-reactive-jackson, smallrye-context-propagation, vertx]
]]></system-out>
  </testcase>
</testsuite>